2018-08-27 10:47:31  [ cn.edu.tju.simulation.main.EdgeSim.<init>(EdgeSim.java:81) ] - [ INFO ]  The program is running
2018-08-27 10:47:31  [ cn.edu.tju.simulation.controller.Controller.initial(Controller.java:126) ] - [ DEBUG ]  Load initial parameters successfully미미
2018-08-27 10:47:31  [ cn.edu.tju.simulation.controller.Controller.initial(Controller.java:131) ] - [ DEBUG ]  Initialize the popularity according to power law distribution
2018-08-27 10:49:16  [ cn.edu.tju.simulation.main.EdgeSim.<init>(EdgeSim.java:81) ] - [ INFO ]  The program is running
2018-08-27 10:49:16  [ cn.edu.tju.simulation.controller.Controller.initial(Controller.java:126) ] - [ DEBUG ]  Load initial parameters successfully미미
2018-08-27 10:49:16  [ cn.edu.tju.simulation.controller.Controller.initial(Controller.java:131) ] - [ DEBUG ]  Initialize the popularity according to power law distribution
2018-08-27 10:50:02  [ cn.edu.tju.simulation.main.EdgeSim$MyActionListener.windowClosing(EdgeSim.java:163) ] - [ INFO ]  The program is closed normally
2018-08-27 10:52:59  [ cn.edu.tju.simulation.main.EdgeSim.<init>(EdgeSim.java:81) ] - [ INFO ]  The program is running
2018-08-27 10:52:59  [ cn.edu.tju.simulation.controller.Controller.initial(Controller.java:126) ] - [ DEBUG ]  Load initial parameters successfully미미
2018-08-27 10:52:59  [ cn.edu.tju.simulation.controller.Controller.initial(Controller.java:131) ] - [ DEBUG ]  Initialize the popularity according to power law distribution
2018-08-27 10:53:49  [ cn.edu.tju.simulation.main.EdgeSim.<init>(EdgeSim.java:81) ] - [ INFO ]  The program is running
2018-08-27 10:53:49  [ cn.edu.tju.simulation.controller.Controller.initial(Controller.java:126) ] - [ DEBUG ]  Load initial parameters successfully미미
2018-08-27 10:53:49  [ cn.edu.tju.simulation.controller.Controller.initial(Controller.java:131) ] - [ DEBUG ]  Initialize the popularity according to power law distribution
2018-08-27 10:53:52  [ cn.edu.tju.simulation.main.EdgeSim$MyActionListener.windowClosing(EdgeSim.java:163) ] - [ INFO ]  The program is closed normally
2018-08-27 10:54:19  [ cn.edu.tju.simulation.main.EdgeSim.<init>(EdgeSim.java:81) ] - [ INFO ]  The program is running
2018-08-27 10:54:19  [ cn.edu.tju.simulation.controller.Controller.initial(Controller.java:126) ] - [ DEBUG ]  Load initial parameters successfully미미
2018-08-27 10:54:19  [ cn.edu.tju.simulation.controller.Controller.initial(Controller.java:131) ] - [ DEBUG ]  Initialize the popularity according to power law distribution
2018-08-27 10:55:20  [ cn.edu.tju.simulation.main.EdgeSim$MyActionListener.windowClosing(EdgeSim.java:163) ] - [ INFO ]  The program is closed normally
2018-08-27 10:55:23  [ cn.edu.tju.simulation.main.EdgeSim$MyActionListener.windowClosing(EdgeSim.java:163) ] - [ INFO ]  The program is closed normally
2018-08-27 10:55:45  [ cn.edu.tju.simulation.main.EdgeSim.<init>(EdgeSim.java:81) ] - [ INFO ]  The program is running
2018-08-27 10:55:45  [ cn.edu.tju.simulation.controller.Controller.initial(Controller.java:126) ] - [ DEBUG ]  Load initial parameters successfully미미
2018-08-27 10:55:45  [ cn.edu.tju.simulation.controller.Controller.initial(Controller.java:131) ] - [ DEBUG ]  Initialize the popularity according to power law distribution
2018-08-27 10:57:15  [ cn.edu.tju.simulation.main.EdgeSim.<init>(EdgeSim.java:81) ] - [ INFO ]  The program is running
2018-08-27 10:57:15  [ cn.edu.tju.simulation.controller.Controller.initial(Controller.java:126) ] - [ DEBUG ]  Load initial parameters successfully미미
2018-08-27 10:57:15  [ cn.edu.tju.simulation.controller.Controller.initial(Controller.java:131) ] - [ DEBUG ]  Initialize the popularity according to power law distribution
2018-08-27 10:58:32  [ cn.edu.tju.simulation.main.EdgeSim.<init>(EdgeSim.java:81) ] - [ INFO ]  The program is running
2018-08-27 10:58:32  [ cn.edu.tju.simulation.controller.Controller.initial(Controller.java:126) ] - [ DEBUG ]  Load initial parameters successfully미미
2018-08-27 10:58:32  [ cn.edu.tju.simulation.controller.Controller.initial(Controller.java:131) ] - [ DEBUG ]  Initialize the popularity according to power law distribution
2018-08-27 11:01:05  [ cn.edu.tju.simulation.main.EdgeSim$MyActionListener.windowClosing(EdgeSim.java:163) ] - [ INFO ]  The program is closed normally
2018-08-27 11:01:08  [ cn.edu.tju.simulation.main.EdgeSim.<init>(EdgeSim.java:81) ] - [ INFO ]  The program is running
2018-08-27 11:01:08  [ cn.edu.tju.simulation.controller.Controller.initial(Controller.java:126) ] - [ DEBUG ]  Load initial parameters successfully미미
2018-08-27 11:01:08  [ cn.edu.tju.simulation.controller.Controller.initial(Controller.java:131) ] - [ DEBUG ]  Initialize the popularity according to power law distribution
2018-08-27 11:04:16  [ cn.edu.tju.simulation.main.EdgeSim.<init>(EdgeSim.java:81) ] - [ INFO ]  The program is running
2018-08-27 11:04:16  [ cn.edu.tju.simulation.controller.Controller.initial(Controller.java:126) ] - [ DEBUG ]  Load initial parameters successfully미미
2018-08-27 11:04:16  [ cn.edu.tju.simulation.controller.Controller.initial(Controller.java:131) ] - [ DEBUG ]  Initialize the popularity according to power law distribution
2018-08-27 11:04:50  [ cn.edu.tju.simulation.main.EdgeSim.<init>(EdgeSim.java:81) ] - [ INFO ]  The program is running
2018-08-27 11:04:50  [ cn.edu.tju.simulation.controller.Controller.initial(Controller.java:126) ] - [ DEBUG ]  Load initial parameters successfully미미
2018-08-27 11:04:50  [ cn.edu.tju.simulation.controller.Controller.initial(Controller.java:131) ] - [ DEBUG ]  Initialize the popularity according to power law distribution
2018-08-27 11:08:33  [ cn.edu.tju.simulation.main.EdgeSim.<init>(EdgeSim.java:81) ] - [ INFO ]  The program is running
2018-08-27 11:08:33  [ cn.edu.tju.simulation.controller.Controller.initial(Controller.java:126) ] - [ DEBUG ]  Load initial parameters successfully미미
2018-08-27 11:08:33  [ cn.edu.tju.simulation.controller.Controller.initial(Controller.java:131) ] - [ DEBUG ]  Initialize the popularity according to power law distribution
2018-08-27 11:09:40  [ cn.edu.tju.simulation.main.EdgeSim.<init>(EdgeSim.java:81) ] - [ INFO ]  The program is running
2018-08-27 11:09:40  [ cn.edu.tju.simulation.controller.Controller.initial(Controller.java:126) ] - [ DEBUG ]  Load initial parameters successfully미미
2018-08-27 11:09:40  [ cn.edu.tju.simulation.controller.Controller.initial(Controller.java:131) ] - [ DEBUG ]  Initialize the popularity according to power law distribution
2018-08-27 11:10:25  [ cn.edu.tju.simulation.main.EdgeSim.<init>(EdgeSim.java:81) ] - [ INFO ]  The program is running
2018-08-27 11:10:25  [ cn.edu.tju.simulation.controller.Controller.initial(Controller.java:126) ] - [ DEBUG ]  Load initial parameters successfully미미
2018-08-27 11:10:25  [ cn.edu.tju.simulation.controller.Controller.initial(Controller.java:131) ] - [ DEBUG ]  Initialize the popularity according to power law distribution
2018-08-27 11:13:16  [ cn.edu.tju.simulation.main.EdgeSim.<init>(EdgeSim.java:81) ] - [ INFO ]  The program is running
2018-08-27 11:13:16  [ cn.edu.tju.simulation.controller.Controller.initial(Controller.java:126) ] - [ DEBUG ]  Load initial parameters successfully미미
2018-08-27 11:13:16  [ cn.edu.tju.simulation.controller.Controller.initial(Controller.java:131) ] - [ DEBUG ]  Initialize the popularity according to power law distribution
2018-08-27 11:14:54  [ cn.edu.tju.simulation.main.EdgeSim.<init>(EdgeSim.java:81) ] - [ INFO ]  The program is running
2018-08-27 11:14:54  [ cn.edu.tju.simulation.controller.Controller.initial(Controller.java:126) ] - [ DEBUG ]  Load initial parameters successfully미미
2018-08-27 11:14:54  [ cn.edu.tju.simulation.controller.Controller.initial(Controller.java:131) ] - [ DEBUG ]  Initialize the popularity according to power law distribution
2018-08-27 11:15:42  [ cn.edu.tju.simulation.main.EdgeSim.<init>(EdgeSim.java:81) ] - [ INFO ]  The program is running
2018-08-27 11:15:42  [ cn.edu.tju.simulation.controller.Controller.initial(Controller.java:126) ] - [ DEBUG ]  Load initial parameters successfully미미
2018-08-27 11:15:42  [ cn.edu.tju.simulation.controller.Controller.initial(Controller.java:131) ] - [ DEBUG ]  Initialize the popularity according to power law distribution
2018-08-27 11:16:07  [ cn.edu.tju.simulation.main.EdgeSim.<init>(EdgeSim.java:81) ] - [ INFO ]  The program is running
2018-08-27 11:16:07  [ cn.edu.tju.simulation.controller.Controller.initial(Controller.java:126) ] - [ DEBUG ]  Load initial parameters successfully미미
2018-08-27 11:16:07  [ cn.edu.tju.simulation.controller.Controller.initial(Controller.java:131) ] - [ DEBUG ]  Initialize the popularity according to power law distribution
2018-08-27 11:16:59  [ cn.edu.tju.simulation.main.EdgeSim.<init>(EdgeSim.java:81) ] - [ INFO ]  The program is running
2018-08-27 11:16:59  [ cn.edu.tju.simulation.controller.Controller.initial(Controller.java:126) ] - [ DEBUG ]  Load initial parameters successfully미미
2018-08-27 11:16:59  [ cn.edu.tju.simulation.controller.Controller.initial(Controller.java:131) ] - [ DEBUG ]  Initialize the popularity according to power law distribution
2018-08-27 11:17:57  [ cn.edu.tju.simulation.main.EdgeSim.<init>(EdgeSim.java:81) ] - [ INFO ]  The program is running
2018-08-27 11:17:57  [ cn.edu.tju.simulation.controller.Controller.initial(Controller.java:126) ] - [ DEBUG ]  Load initial parameters successfully미미
2018-08-27 11:17:57  [ cn.edu.tju.simulation.controller.Controller.initial(Controller.java:131) ] - [ DEBUG ]  Initialize the popularity according to power law distribution
2018-08-27 11:19:50  [ cn.edu.tju.simulation.main.EdgeSim.<init>(EdgeSim.java:81) ] - [ INFO ]  The program is running
2018-08-27 11:19:50  [ cn.edu.tju.simulation.controller.Controller.initial(Controller.java:126) ] - [ DEBUG ]  Load initial parameters successfully미미
2018-08-27 11:19:50  [ cn.edu.tju.simulation.controller.Controller.initial(Controller.java:131) ] - [ DEBUG ]  Initialize the popularity according to power law distribution
2018-08-27 11:25:28  [ cn.edu.tju.simulation.main.EdgeSim.<init>(EdgeSim.java:81) ] - [ INFO ]  The program is running
2018-08-27 11:25:28  [ cn.edu.tju.simulation.controller.Controller.initial(Controller.java:126) ] - [ DEBUG ]  Load initial parameters successfully미미
2018-08-27 11:25:28  [ cn.edu.tju.simulation.controller.Controller.initial(Controller.java:131) ] - [ DEBUG ]  Initialize the popularity according to power law distribution
2018-08-27 11:26:03  [ cn.edu.tju.simulation.main.EdgeSim.<init>(EdgeSim.java:81) ] - [ INFO ]  The program is running
2018-08-27 11:26:03  [ cn.edu.tju.simulation.controller.Controller.initial(Controller.java:126) ] - [ DEBUG ]  Load initial parameters successfully미미
2018-08-27 11:26:03  [ cn.edu.tju.simulation.controller.Controller.initial(Controller.java:131) ] - [ DEBUG ]  Initialize the popularity according to power law distribution
2018-08-27 11:27:48  [ cn.edu.tju.simulation.main.EdgeSim.<init>(EdgeSim.java:81) ] - [ INFO ]  The program is running
2018-08-27 11:27:48  [ cn.edu.tju.simulation.controller.Controller.initial(Controller.java:126) ] - [ DEBUG ]  Load initial parameters successfully미미
2018-08-27 11:27:48  [ cn.edu.tju.simulation.controller.Controller.initial(Controller.java:131) ] - [ DEBUG ]  Initialize the popularity according to power law distribution
2018-08-27 11:29:24  [ cn.edu.tju.simulation.main.EdgeSim.<init>(EdgeSim.java:81) ] - [ INFO ]  The program is running
2018-08-27 11:29:24  [ cn.edu.tju.simulation.controller.Controller.initial(Controller.java:126) ] - [ DEBUG ]  Load initial parameters successfully미미
2018-08-27 11:29:24  [ cn.edu.tju.simulation.controller.Controller.initial(Controller.java:131) ] - [ DEBUG ]  Initialize the popularity according to power law distribution
2018-08-27 11:32:46  [ cn.edu.tju.simulation.main.EdgeSim.<init>(EdgeSim.java:81) ] - [ INFO ]  The program is running
2018-08-27 11:32:46  [ cn.edu.tju.simulation.controller.Controller.initial(Controller.java:126) ] - [ DEBUG ]  Load initial parameters successfully미미
2018-08-27 11:32:46  [ cn.edu.tju.simulation.controller.Controller.initial(Controller.java:131) ] - [ DEBUG ]  Initialize the popularity according to power law distribution
2018-08-27 11:33:21  [ cn.edu.tju.simulation.main.EdgeSim.<init>(EdgeSim.java:81) ] - [ INFO ]  The program is running
2018-08-27 11:33:21  [ cn.edu.tju.simulation.controller.Controller.initial(Controller.java:126) ] - [ DEBUG ]  Load initial parameters successfully미미
2018-08-27 11:33:21  [ cn.edu.tju.simulation.controller.Controller.initial(Controller.java:131) ] - [ DEBUG ]  Initialize the popularity according to power law distribution
2018-08-27 11:38:21  [ cn.edu.tju.simulation.main.EdgeSim.<init>(EdgeSim.java:81) ] - [ INFO ]  The program is running
2018-08-27 11:38:21  [ cn.edu.tju.simulation.controller.Controller.initial(Controller.java:126) ] - [ DEBUG ]  Load initial parameters successfully미미
2018-08-27 11:38:21  [ cn.edu.tju.simulation.controller.Controller.initial(Controller.java:131) ] - [ DEBUG ]  Initialize the popularity according to power law distribution
2018-08-27 11:41:35  [ cn.edu.tju.simulation.main.EdgeSim.<init>(EdgeSim.java:81) ] - [ INFO ]  The program is running
2018-08-27 11:41:35  [ cn.edu.tju.simulation.controller.Controller.initial(Controller.java:126) ] - [ DEBUG ]  Load initial parameters successfully미미
2018-08-27 11:41:35  [ cn.edu.tju.simulation.controller.Controller.initial(Controller.java:131) ] - [ DEBUG ]  Initialize the popularity according to power law distribution
2018-08-27 11:41:56  [ cn.edu.tju.simulation.controller.Controller.appendLog(Controller.java:174) ] - [ DEBUG ]  Create status...
2018-08-27 11:41:57  [ cn.edu.tju.simulation.controller.Controller.appendLog(Controller.java:174) ] - [ DEBUG ]  Add user success미
2018-08-27 11:42:03  [ cn.edu.tju.simulation.controller.Controller.appendLog(Controller.java:174) ] - [ DEBUG ]  Set the cache in each base station...
2018-08-27 11:42:03  [ cn.edu.tju.simulation.controller.Controller.appendLog(Controller.java:174) ] - [ DEBUG ]  Concentrate on the request...
2018-08-27 11:42:03  [ cn.edu.tju.simulation.controller.Controller.appendLog(Controller.java:174) ] - [ DEBUG ]  Concentrate on the request...
2018-08-27 11:42:03  [ cn.edu.tju.simulation.controller.Controller.appendLog(Controller.java:174) ] - [ DEBUG ]  Concentrate on the request...
2018-08-27 11:42:03  [ cn.edu.tju.simulation.controller.Controller.appendLog(Controller.java:174) ] - [ DEBUG ]  Concentrate on the request...
2018-08-27 11:42:03  [ cn.edu.tju.simulation.controller.Controller.appendLog(Controller.java:174) ] - [ DEBUG ]  Concentrate on the request...
2018-08-27 11:42:03  [ cn.edu.tju.simulation.controller.Controller.appendLog(Controller.java:174) ] - [ DEBUG ]  Concentrate on the request...
2018-08-27 11:42:03  [ cn.edu.tju.simulation.controller.Controller.appendLog(Controller.java:174) ] - [ DEBUG ]  Concentrate on the request...
2018-08-27 11:42:03  [ cn.edu.tju.simulation.controller.Controller.appendLog(Controller.java:174) ] - [ DEBUG ]  Concentrate on the request...
2018-08-27 11:42:03  [ cn.edu.tju.simulation.controller.Controller.appendLog(Controller.java:174) ] - [ DEBUG ]  Concentrate on the request...
2018-08-27 11:42:03  [ cn.edu.tju.simulation.controller.Controller.appendLog(Controller.java:174) ] - [ DEBUG ]  Concentrate on the request...
2018-08-27 11:42:03  [ cn.edu.tju.simulation.controller.Controller.appendLog(Controller.java:174) ] - [ DEBUG ]  Concentrate on the request...
2018-08-27 11:42:03  [ cn.edu.tju.simulation.controller.Controller.appendLog(Controller.java:174) ] - [ DEBUG ]  Concentrate on the request...
2018-08-27 11:42:03  [ cn.edu.tju.simulation.controller.Controller.appendLog(Controller.java:174) ] - [ DEBUG ]  Concentrate on the request...
2018-08-27 11:42:03  [ cn.edu.tju.simulation.controller.Controller.appendLog(Controller.java:174) ] - [ DEBUG ]  Concentrate on the request...
2018-08-27 11:42:03  [ cn.edu.tju.simulation.controller.Controller.appendLog(Controller.java:174) ] - [ DEBUG ]  Concentrate on the request...
2018-08-27 11:42:03  [ cn.edu.tju.simulation.controller.Controller.appendLog(Controller.java:174) ] - [ DEBUG ]  Concentrate on the request...
2018-08-27 11:42:03  [ cn.edu.tju.simulation.controller.Controller.appendLog(Controller.java:174) ] - [ DEBUG ]  Concentrate on the request...
2018-08-27 11:42:03  [ cn.edu.tju.simulation.controller.Controller.appendLog(Controller.java:174) ] - [ DEBUG ]  Concentrate on the request...
2018-08-27 11:42:03  [ cn.edu.tju.simulation.controller.Controller.appendLog(Controller.java:174) ] - [ DEBUG ]  Concentrate on the request...
2018-08-27 11:42:04  [ cn.edu.tju.simulation.controller.Controller.appendLog(Controller.java:174) ] - [ DEBUG ]  Concentrate on the request...
2018-08-27 11:42:04  [ cn.edu.tju.simulation.controller.Controller.appendLog(Controller.java:174) ] - [ DEBUG ]  Concentrate on the request...
2018-08-27 11:42:04  [ cn.edu.tju.simulation.controller.Controller.appendLog(Controller.java:174) ] - [ DEBUG ]  Concentrate on the request...
2018-08-27 11:42:04  [ cn.edu.tju.simulation.controller.Controller.appendLog(Controller.java:174) ] - [ DEBUG ]  Concentrate on the request...
2018-08-27 11:42:04  [ cn.edu.tju.simulation.controller.Controller.appendLog(Controller.java:174) ] - [ DEBUG ]  Concentrate on the request...
2018-08-27 11:42:04  [ cn.edu.tju.simulation.controller.Controller.appendLog(Controller.java:174) ] - [ DEBUG ]  Concentrate on the request...
2018-08-27 11:42:04  [ cn.edu.tju.simulation.controller.Controller.appendLog(Controller.java:174) ] - [ DEBUG ]  Concentrate on the request...
2018-08-27 11:42:04  [ cn.edu.tju.simulation.controller.Controller.appendLog(Controller.java:174) ] - [ DEBUG ]  Concentrate on the request...
2018-08-27 11:42:04  [ cn.edu.tju.simulation.controller.Controller.appendLog(Controller.java:174) ] - [ DEBUG ]  Concentrate on the request...
2018-08-27 11:42:04  [ cn.edu.tju.simulation.controller.Controller.appendLog(Controller.java:174) ] - [ DEBUG ]  Concentrate on the request...
2018-08-27 11:42:04  [ cn.edu.tju.simulation.controller.Controller.appendLog(Controller.java:174) ] - [ DEBUG ]  Concentrate on the request...
2018-08-27 11:42:04  [ cn.edu.tju.simulation.controller.Controller.appendLog(Controller.java:174) ] - [ DEBUG ]  Concentrate on the request...
2018-08-27 11:42:04  [ cn.edu.tju.simulation.controller.Controller.appendLog(Controller.java:174) ] - [ DEBUG ]  Concentrate on the request...
2018-08-27 11:42:04  [ cn.edu.tju.simulation.controller.Controller.appendLog(Controller.java:174) ] - [ DEBUG ]  Concentrate on the request...
2018-08-27 11:42:04  [ cn.edu.tju.simulation.controller.Controller.appendLog(Controller.java:174) ] - [ DEBUG ]  Concentrate on the request...
2018-08-27 11:42:04  [ cn.edu.tju.simulation.controller.Controller.appendLog(Controller.java:174) ] - [ DEBUG ]  Concentrate on the request...
2018-08-27 11:42:04  [ cn.edu.tju.simulation.controller.Controller.appendLog(Controller.java:174) ] - [ DEBUG ]  Concentrate on the request...
2018-08-27 11:42:04  [ cn.edu.tju.simulation.controller.Controller.appendLog(Controller.java:174) ] - [ DEBUG ]  Concentrate on the request...
2018-08-27 11:42:04  [ cn.edu.tju.simulation.controller.Controller.appendLog(Controller.java:174) ] - [ DEBUG ]  Concentrate on the request...
2018-08-27 11:42:04  [ cn.edu.tju.simulation.controller.Controller.appendLog(Controller.java:174) ] - [ DEBUG ]  Concentrate on the request...
2018-08-27 11:42:04  [ cn.edu.tju.simulation.controller.Controller.appendLog(Controller.java:174) ] - [ DEBUG ]  Concentrate on the request...
2018-08-27 11:42:04  [ cn.edu.tju.simulation.controller.Controller.appendLog(Controller.java:174) ] - [ DEBUG ]  Concentrate on the request...
2018-08-27 11:42:05  [ cn.edu.tju.simulation.controller.Controller.appendLog(Controller.java:174) ] - [ DEBUG ]  Concentrate on the request...
2018-08-27 11:42:05  [ cn.edu.tju.simulation.controller.Controller.appendLog(Controller.java:174) ] - [ DEBUG ]  Concentrate on the request...
2018-08-27 11:42:05  [ cn.edu.tju.simulation.controller.Controller.appendLog(Controller.java:174) ] - [ DEBUG ]  Concentrate on the request...
2018-08-27 11:42:05  [ cn.edu.tju.simulation.controller.Controller.appendLog(Controller.java:174) ] - [ DEBUG ]  Concentrate on the request...
2018-08-27 11:42:05  [ cn.edu.tju.simulation.controller.Controller.appendLog(Controller.java:174) ] - [ DEBUG ]  Concentrate on the request...
2018-08-27 11:42:05  [ cn.edu.tju.simulation.controller.Controller.appendLog(Controller.java:174) ] - [ DEBUG ]  Concentrate on the request...
2018-08-27 11:42:05  [ cn.edu.tju.simulation.controller.Controller.appendLog(Controller.java:174) ] - [ DEBUG ]  Concentrate on the request...
2018-08-27 11:42:05  [ cn.edu.tju.simulation.controller.Controller.appendLog(Controller.java:174) ] - [ DEBUG ]  Concentrate on the request...
2018-08-27 11:42:05  [ cn.edu.tju.simulation.controller.Controller.appendLog(Controller.java:174) ] - [ DEBUG ]  Concentrate on the request...
2018-08-27 11:42:05  [ cn.edu.tju.simulation.controller.Controller.appendLog(Controller.java:174) ] - [ DEBUG ]  Concentrate on the request...
2018-08-27 11:42:05  [ cn.edu.tju.simulation.controller.Controller.appendLog(Controller.java:174) ] - [ DEBUG ]  Concentrate on the request...
2018-08-27 11:42:05  [ cn.edu.tju.simulation.controller.Controller.appendLog(Controller.java:174) ] - [ DEBUG ]  Concentrate on the request...
2018-08-27 11:42:05  [ cn.edu.tju.simulation.controller.Controller.appendLog(Controller.java:174) ] - [ DEBUG ]  Concentrate on the request...
2018-08-27 11:42:05  [ cn.edu.tju.simulation.controller.Controller.appendLog(Controller.java:174) ] - [ DEBUG ]  Concentrate on the request...
2018-08-27 11:42:05  [ cn.edu.tju.simulation.controller.Controller.appendLog(Controller.java:174) ] - [ DEBUG ]  Concentrate on the request...
2018-08-27 11:42:05  [ cn.edu.tju.simulation.controller.Controller.appendLog(Controller.java:174) ] - [ DEBUG ]  Concentrate on the request...
2018-08-27 11:42:05  [ cn.edu.tju.simulation.controller.Controller.appendLog(Controller.java:174) ] - [ DEBUG ]  Concentrate on the request...
2018-08-27 11:42:05  [ cn.edu.tju.simulation.controller.Controller.appendLog(Controller.java:174) ] - [ DEBUG ]  Concentrate on the request...
2018-08-27 11:42:05  [ cn.edu.tju.simulation.controller.Controller.appendLog(Controller.java:174) ] - [ DEBUG ]  Concentrate on the request...
2018-08-27 11:42:05  [ cn.edu.tju.simulation.controller.Controller.appendLog(Controller.java:174) ] - [ DEBUG ]  Concentrate on the request...
2018-08-27 11:42:05  [ cn.edu.tju.simulation.controller.Controller.appendLog(Controller.java:174) ] - [ DEBUG ]  Concentrate on the request...
2018-08-27 11:42:05  [ cn.edu.tju.simulation.controller.Controller.appendLog(Controller.java:174) ] - [ DEBUG ]  Concentrate on the request...
2018-08-27 11:42:06  [ cn.edu.tju.simulation.controller.Controller.appendLog(Controller.java:174) ] - [ DEBUG ]  Concentrate on the request...
2018-08-27 11:42:06  [ cn.edu.tju.simulation.controller.Controller.appendLog(Controller.java:174) ] - [ DEBUG ]  Concentrate on the request...
2018-08-27 11:42:06  [ cn.edu.tju.simulation.controller.Controller.appendLog(Controller.java:174) ] - [ DEBUG ]  Concentrate on the request...
2018-08-27 11:42:06  [ cn.edu.tju.simulation.controller.Controller.appendLog(Controller.java:174) ] - [ DEBUG ]  Concentrate on the request...
2018-08-27 11:42:06  [ cn.edu.tju.simulation.controller.Controller.appendLog(Controller.java:174) ] - [ DEBUG ]  Concentrate on the request...
2018-08-27 11:42:06  [ cn.edu.tju.simulation.controller.Controller.appendLog(Controller.java:174) ] - [ DEBUG ]  Concentrate on the request...
2018-08-27 11:42:06  [ cn.edu.tju.simulation.controller.Controller.appendLog(Controller.java:174) ] - [ DEBUG ]  Concentrate on the request...
2018-08-27 11:42:06  [ cn.edu.tju.simulation.controller.Controller.appendLog(Controller.java:174) ] - [ DEBUG ]  Concentrate on the request...
2018-08-27 11:42:06  [ cn.edu.tju.simulation.controller.Controller.appendLog(Controller.java:174) ] - [ DEBUG ]  Concentrate on the request...
2018-08-27 11:42:06  [ cn.edu.tju.simulation.controller.Controller.appendLog(Controller.java:174) ] - [ DEBUG ]  Concentrate on the request...
2018-08-27 11:42:06  [ cn.edu.tju.simulation.controller.Controller.appendLog(Controller.java:174) ] - [ DEBUG ]  Concentrate on the request...
2018-08-27 11:42:06  [ cn.edu.tju.simulation.controller.Controller.appendLog(Controller.java:174) ] - [ DEBUG ]  Concentrate on the request...
2018-08-27 11:42:06  [ cn.edu.tju.simulation.controller.Controller.appendLog(Controller.java:174) ] - [ DEBUG ]  Concentrate on the request...
2018-08-27 11:42:06  [ cn.edu.tju.simulation.controller.Controller.appendLog(Controller.java:174) ] - [ DEBUG ]  Concentrate on the request...
2018-08-27 11:42:06  [ cn.edu.tju.simulation.controller.Controller.appendLog(Controller.java:174) ] - [ DEBUG ]  Concentrate on the request...
2018-08-27 11:42:06  [ cn.edu.tju.simulation.controller.Controller.appendLog(Controller.java:174) ] - [ DEBUG ]  Concentrate on the request...
2018-08-27 11:42:06  [ cn.edu.tju.simulation.controller.Controller.appendLog(Controller.java:174) ] - [ DEBUG ]  Concentrate on the request...
2018-08-27 11:42:06  [ cn.edu.tju.simulation.controller.Controller.appendLog(Controller.java:174) ] - [ DEBUG ]  LFU's hit rate on 0 time slice :0.025723472
2018-08-27 11:42:06  [ cn.edu.tju.simulation.controller.Controller.appendLog(Controller.java:174) ] - [ DEBUG ]  LFU's hit rate on 1 time slice :0.03809524
2018-08-27 11:42:06  [ cn.edu.tju.simulation.controller.Controller.appendLog(Controller.java:174) ] - [ DEBUG ]  LFU's hit rate on 2 time slice :0.03448276
2018-08-27 11:42:06  [ cn.edu.tju.simulation.controller.Controller.appendLog(Controller.java:174) ] - [ DEBUG ]  LFU's hit rate on 3 time slice :0.029508196
2018-08-27 11:42:06  [ cn.edu.tju.simulation.controller.Controller.appendLog(Controller.java:174) ] - [ DEBUG ]  LFU's hit rate on 4 time slice :0.02341137
2018-08-27 11:42:06  [ cn.edu.tju.simulation.controller.Controller.appendLog(Controller.java:174) ] - [ DEBUG ]  LFU's hit rate on 5 time slice :0.03642384
2018-08-27 11:42:06  [ cn.edu.tju.simulation.controller.Controller.appendLog(Controller.java:174) ] - [ DEBUG ]  LFU's hit rate on 6 time slice :0.024734983
2018-08-27 11:42:06  [ cn.edu.tju.simulation.controller.Controller.appendLog(Controller.java:174) ] - [ DEBUG ]  LFU's hit rate on 7 time slice :0.023255814
2018-08-27 11:42:06  [ cn.edu.tju.simulation.controller.Controller.appendLog(Controller.java:174) ] - [ DEBUG ]  LFU's hit rate on 8 time slice :0.023890786
2018-08-27 11:42:06  [ cn.edu.tju.simulation.controller.Controller.appendLog(Controller.java:174) ] - [ DEBUG ]  LFU's hit rate on 9 time slice :0.052980132
2018-08-27 11:42:06  [ cn.edu.tju.simulation.controller.Controller.appendLog(Controller.java:174) ] - [ DEBUG ]  LFU's hit rate on 10 time slice :0.020338982
2018-08-27 11:42:06  [ cn.edu.tju.simulation.controller.Controller.appendLog(Controller.java:174) ] - [ DEBUG ]  LFU's hit rate on 11 time slice :0.034920637
2018-08-27 11:42:06  [ cn.edu.tju.simulation.controller.Controller.appendLog(Controller.java:174) ] - [ DEBUG ]  LFU's hit rate on 12 time slice :0.031746034
2018-08-27 11:42:06  [ cn.edu.tju.simulation.controller.Controller.appendLog(Controller.java:174) ] - [ DEBUG ]  LFU's hit rate on 13 time slice :0.039215688
2018-08-27 11:42:06  [ cn.edu.tju.simulation.controller.Controller.appendLog(Controller.java:174) ] - [ DEBUG ]  LFU's hit rate on 14 time slice :0.025806451
2018-08-27 11:42:06  [ cn.edu.tju.simulation.controller.Controller.appendLog(Controller.java:174) ] - [ DEBUG ]  LFU's hit rate on 15 time slice :0.01754386
2018-08-27 11:42:06  [ cn.edu.tju.simulation.controller.Controller.appendLog(Controller.java:174) ] - [ DEBUG ]  LFU's hit rate on 16 time slice :0.050847456
2018-08-27 11:42:06  [ cn.edu.tju.simulation.controller.Controller.appendLog(Controller.java:174) ] - [ DEBUG ]  LFU's hit rate on 17 time slice :0.045901638
2018-08-27 11:42:06  [ cn.edu.tju.simulation.controller.Controller.appendLog(Controller.java:174) ] - [ DEBUG ]  LFU's hit rate on 18 time slice :0.037931036
2018-08-27 11:42:06  [ cn.edu.tju.simulation.controller.Controller.appendLog(Controller.java:174) ] - [ DEBUG ]  LFU's hit rate on 19 time slice :0.02631579
2018-08-27 11:42:06  [ cn.edu.tju.simulation.controller.Controller.appendLog(Controller.java:174) ] - [ DEBUG ]  KNAPSACK's hit rate on 0 time slice :0.1318328
2018-08-27 11:42:06  [ cn.edu.tju.simulation.controller.Controller.appendLog(Controller.java:174) ] - [ DEBUG ]  KNAPSACK's hit rate on 1 time slice :0.12063492
2018-08-27 11:42:06  [ cn.edu.tju.simulation.controller.Controller.appendLog(Controller.java:174) ] - [ DEBUG ]  KNAPSACK's hit rate on 2 time slice :0.13103448
2018-08-27 11:42:06  [ cn.edu.tju.simulation.controller.Controller.appendLog(Controller.java:174) ] - [ DEBUG ]  KNAPSACK's hit rate on 3 time slice :0.15081967
2018-08-27 11:42:06  [ cn.edu.tju.simulation.controller.Controller.appendLog(Controller.java:174) ] - [ DEBUG ]  KNAPSACK's hit rate on 4 time slice :0.1270903
2018-08-27 11:42:06  [ cn.edu.tju.simulation.controller.Controller.appendLog(Controller.java:174) ] - [ DEBUG ]  KNAPSACK's hit rate on 5 time slice :0.09602649
2018-08-27 11:42:06  [ cn.edu.tju.simulation.controller.Controller.appendLog(Controller.java:174) ] - [ DEBUG ]  KNAPSACK's hit rate on 6 time slice :0.13074204
2018-08-27 11:42:06  [ cn.edu.tju.simulation.controller.Controller.appendLog(Controller.java:174) ] - [ DEBUG ]  KNAPSACK's hit rate on 7 time slice :0.10299003
2018-08-27 11:42:06  [ cn.edu.tju.simulation.controller.Controller.appendLog(Controller.java:174) ] - [ DEBUG ]  KNAPSACK's hit rate on 8 time slice :0.10921501
2018-08-27 11:42:06  [ cn.edu.tju.simulation.controller.Controller.appendLog(Controller.java:174) ] - [ DEBUG ]  KNAPSACK's hit rate on 9 time slice :0.09271523
2018-08-27 11:42:06  [ cn.edu.tju.simulation.controller.Controller.appendLog(Controller.java:174) ] - [ DEBUG ]  KNAPSACK's hit rate on 10 time slice :0.084745765
2018-08-27 11:42:06  [ cn.edu.tju.simulation.controller.Controller.appendLog(Controller.java:174) ] - [ DEBUG ]  KNAPSACK's hit rate on 11 time slice :0.12063492
2018-08-27 11:42:06  [ cn.edu.tju.simulation.controller.Controller.appendLog(Controller.java:174) ] - [ DEBUG ]  KNAPSACK's hit rate on 12 time slice :0.13015874
2018-08-27 11:42:06  [ cn.edu.tju.simulation.controller.Controller.appendLog(Controller.java:174) ] - [ DEBUG ]  KNAPSACK's hit rate on 13 time slice :0.1633987
2018-08-27 11:42:06  [ cn.edu.tju.simulation.controller.Controller.appendLog(Controller.java:174) ] - [ DEBUG ]  KNAPSACK's hit rate on 14 time slice :0.10967742
2018-08-27 11:42:06  [ cn.edu.tju.simulation.controller.Controller.appendLog(Controller.java:174) ] - [ DEBUG ]  KNAPSACK's hit rate on 15 time slice :0.16842106
2018-08-27 11:42:06  [ cn.edu.tju.simulation.controller.Controller.appendLog(Controller.java:174) ] - [ DEBUG ]  KNAPSACK's hit rate on 16 time slice :0.17966102
2018-08-27 11:42:06  [ cn.edu.tju.simulation.controller.Controller.appendLog(Controller.java:174) ] - [ DEBUG ]  KNAPSACK's hit rate on 17 time slice :0.1442623
2018-08-27 11:42:06  [ cn.edu.tju.simulation.controller.Controller.appendLog(Controller.java:174) ] - [ DEBUG ]  KNAPSACK's hit rate on 18 time slice :0.14137931
2018-08-27 11:42:06  [ cn.edu.tju.simulation.controller.Controller.appendLog(Controller.java:174) ] - [ DEBUG ]  KNAPSACK's hit rate on 19 time slice :0.1118421
2018-08-27 11:42:06  [ cn.edu.tju.simulation.controller.Controller.appendLog(Controller.java:174) ] - [ DEBUG ]  GREEDY's hit rate on 0 time slice :0.09003215
2018-08-27 11:42:06  [ cn.edu.tju.simulation.controller.Controller.appendLog(Controller.java:174) ] - [ DEBUG ]  GREEDY's hit rate on 1 time slice :0.06666667
2018-08-27 11:42:06  [ cn.edu.tju.simulation.controller.Controller.appendLog(Controller.java:174) ] - [ DEBUG ]  GREEDY's hit rate on 2 time slice :0.10344828
2018-08-27 11:42:06  [ cn.edu.tju.simulation.controller.Controller.appendLog(Controller.java:174) ] - [ DEBUG ]  GREEDY's hit rate on 3 time slice :0.091803275
2018-08-27 11:42:06  [ cn.edu.tju.simulation.controller.Controller.appendLog(Controller.java:174) ] - [ DEBUG ]  GREEDY's hit rate on 4 time slice :0.080267556
2018-08-27 11:42:06  [ cn.edu.tju.simulation.controller.Controller.appendLog(Controller.java:174) ] - [ DEBUG ]  GREEDY's hit rate on 5 time slice :0.05629139
2018-08-27 11:42:06  [ cn.edu.tju.simulation.controller.Controller.appendLog(Controller.java:174) ] - [ DEBUG ]  GREEDY's hit rate on 6 time slice :0.07067138
2018-08-27 11:42:06  [ cn.edu.tju.simulation.controller.Controller.appendLog(Controller.java:174) ] - [ DEBUG ]  GREEDY's hit rate on 7 time slice :0.07973422
2018-08-27 11:42:06  [ cn.edu.tju.simulation.controller.Controller.appendLog(Controller.java:174) ] - [ DEBUG ]  GREEDY's hit rate on 8 time slice :0.054607507
2018-08-27 11:42:06  [ cn.edu.tju.simulation.controller.Controller.appendLog(Controller.java:174) ] - [ DEBUG ]  GREEDY's hit rate on 9 time slice :0.06291391
2018-08-27 11:42:06  [ cn.edu.tju.simulation.controller.Controller.appendLog(Controller.java:174) ] - [ DEBUG ]  GREEDY's hit rate on 10 time slice :0.06101695
2018-08-27 11:42:06  [ cn.edu.tju.simulation.controller.Controller.appendLog(Controller.java:174) ] - [ DEBUG ]  GREEDY's hit rate on 11 time slice :0.06984127
2018-08-27 11:42:06  [ cn.edu.tju.simulation.controller.Controller.appendLog(Controller.java:174) ] - [ DEBUG ]  GREEDY's hit rate on 12 time slice :0.0952381
2018-08-27 11:42:06  [ cn.edu.tju.simulation.controller.Controller.appendLog(Controller.java:174) ] - [ DEBUG ]  GREEDY's hit rate on 13 time slice :0.104575165
2018-08-27 11:42:06  [ cn.edu.tju.simulation.controller.Controller.appendLog(Controller.java:174) ] - [ DEBUG ]  GREEDY's hit rate on 14 time slice :0.06774194
2018-08-27 11:42:06  [ cn.edu.tju.simulation.controller.Controller.appendLog(Controller.java:174) ] - [ DEBUG ]  GREEDY's hit rate on 15 time slice :0.08070175
2018-08-27 11:42:06  [ cn.edu.tju.simulation.controller.Controller.appendLog(Controller.java:174) ] - [ DEBUG ]  GREEDY's hit rate on 16 time slice :0.12542373
2018-08-27 11:42:06  [ cn.edu.tju.simulation.controller.Controller.appendLog(Controller.java:174) ] - [ DEBUG ]  GREEDY's hit rate on 17 time slice :0.09508197
2018-08-27 11:42:06  [ cn.edu.tju.simulation.controller.Controller.appendLog(Controller.java:174) ] - [ DEBUG ]  GREEDY's hit rate on 18 time slice :0.093103446
2018-08-27 11:42:06  [ cn.edu.tju.simulation.controller.Controller.appendLog(Controller.java:174) ] - [ DEBUG ]  GREEDY's hit rate on 19 time slice :0.069078945
2018-08-27 11:42:06  [ cn.edu.tju.simulation.controller.Controller.appendLog(Controller.java:174) ] - [ DEBUG ]  LRU's hit rate on 0 time slice :0.003215434
2018-08-27 11:42:06  [ cn.edu.tju.simulation.controller.Controller.appendLog(Controller.java:174) ] - [ DEBUG ]  LRU's hit rate on 1 time slice :0.0063492064
2018-08-27 11:42:06  [ cn.edu.tju.simulation.controller.Controller.appendLog(Controller.java:174) ] - [ DEBUG ]  LRU's hit rate on 2 time slice :0.0
2018-08-27 11:42:06  [ cn.edu.tju.simulation.controller.Controller.appendLog(Controller.java:174) ] - [ DEBUG ]  LRU's hit rate on 3 time slice :0.009836066
2018-08-27 11:42:06  [ cn.edu.tju.simulation.controller.Controller.appendLog(Controller.java:174) ] - [ DEBUG ]  LRU's hit rate on 4 time slice :0.006688963
2018-08-27 11:42:06  [ cn.edu.tju.simulation.controller.Controller.appendLog(Controller.java:174) ] - [ DEBUG ]  LRU's hit rate on 5 time slice :0.0066225166
2018-08-27 11:42:06  [ cn.edu.tju.simulation.controller.Controller.appendLog(Controller.java:174) ] - [ DEBUG ]  LRU's hit rate on 6 time slice :0.007067138
2018-08-27 11:42:06  [ cn.edu.tju.simulation.controller.Controller.appendLog(Controller.java:174) ] - [ DEBUG ]  LRU's hit rate on 7 time slice :0.006644518
2018-08-27 11:42:06  [ cn.edu.tju.simulation.controller.Controller.appendLog(Controller.java:174) ] - [ DEBUG ]  LRU's hit rate on 8 time slice :0.010238908
2018-08-27 11:42:06  [ cn.edu.tju.simulation.controller.Controller.appendLog(Controller.java:174) ] - [ DEBUG ]  LRU's hit rate on 9 time slice :0.0
2018-08-27 11:42:06  [ cn.edu.tju.simulation.controller.Controller.appendLog(Controller.java:174) ] - [ DEBUG ]  LRU's hit rate on 10 time slice :0.006779661
2018-08-27 11:42:06  [ cn.edu.tju.simulation.controller.Controller.appendLog(Controller.java:174) ] - [ DEBUG ]  LRU's hit rate on 11 time slice :0.012698413
2018-08-27 11:42:06  [ cn.edu.tju.simulation.controller.Controller.appendLog(Controller.java:174) ] - [ DEBUG ]  LRU's hit rate on 12 time slice :0.015873017
2018-08-27 11:42:06  [ cn.edu.tju.simulation.controller.Controller.appendLog(Controller.java:174) ] - [ DEBUG ]  LRU's hit rate on 13 time slice :0.013071896
2018-08-27 11:42:06  [ cn.edu.tju.simulation.controller.Controller.appendLog(Controller.java:174) ] - [ DEBUG ]  LRU's hit rate on 14 time slice :0.006451613
2018-08-27 11:42:06  [ cn.edu.tju.simulation.controller.Controller.appendLog(Controller.java:174) ] - [ DEBUG ]  LRU's hit rate on 15 time slice :0.003508772
2018-08-27 11:42:06  [ cn.edu.tju.simulation.controller.Controller.appendLog(Controller.java:174) ] - [ DEBUG ]  LRU's hit rate on 16 time slice :0.0033898305
2018-08-27 11:42:06  [ cn.edu.tju.simulation.controller.Controller.appendLog(Controller.java:174) ] - [ DEBUG ]  LRU's hit rate on 17 time slice :0.0032786885
2018-08-27 11:42:06  [ cn.edu.tju.simulation.controller.Controller.appendLog(Controller.java:174) ] - [ DEBUG ]  LRU's hit rate on 18 time slice :0.0
2018-08-27 11:42:06  [ cn.edu.tju.simulation.controller.Controller.appendLog(Controller.java:174) ] - [ DEBUG ]  LRU's hit rate on 19 time slice :0.0032894737
2018-08-27 11:42:06  [ cn.edu.tju.simulation.controller.Controller.appendLog(Controller.java:174) ] - [ DEBUG ]  Congratulations, successful operation!!
2018-08-27 11:43:00  [ cn.edu.tju.simulation.controller.Controller.appendLog(Controller.java:174) ] - [ DEBUG ]  Create status...
